Feb 07, 2021 2:36:40 PM com.example.kp.service.LoggingService writeLog
INFO: classname: PaymentController levelINFO date: 2021_02_07_14_36 message: | addMerchant is called
Feb 07, 2021 2:36:40 PM com.example.kp.service.LoggingService writeLog
INFO: classname: PaymentController levelINFO date: 2021_02_07_14_36 message: | new merchant added
Feb 07, 2021 2:36:40 PM com.example.kp.service.LoggingService writeLog
INFO: classname: PaymentController levelINFO date: 2021_02_07_14_36 message: | new merchant added
Feb 07, 2021 3:08:55 PM com.example.kp.service.LoggingService writeLog
INFO: classname: PaymentController levelINFO date: 2021_02_07_15_08 message: | getUser is called
Feb 07, 2021 3:08:55 PM com.example.kp.service.LoggingService writeLog
INFO: classname: PaymentController levelINFO date: 2021_02_07_15_08 message: | getUser is called
Feb 07, 2021 3:08:55 PM com.example.kp.service.LoggingService writeLog
INFO: classname: PaymentController levelINFO date: 2021_02_07_15_08 message: | getUser is called
Feb 07, 2021 3:08:57 PM com.example.kp.service.LoggingService writeLog
INFO: classname: PaymentController levelINFO date: 2021_02_07_15_08 message: | BankPay is called
Feb 07, 2021 3:08:57 PM com.example.kp.service.LoggingService writeLog
INFO: classname: PaymentController levelINFO date: 2021_02_07_15_08 message: | BankPay is called
Feb 07, 2021 3:08:57 PM com.example.kp.service.LoggingService writeLog
INFO: classname: PaymentController levelINFO date: 2021_02_07_15_08 message: | BankPay is called
Feb 07, 2021 3:08:57 PM com.example.kp.service.LoggingService writeLog
INFO: classname: PaymentController levelINFO date: 2021_02_07_15_08 message: | BankPay is called
Feb 07, 2021 3:08:57 PM com.example.kp.service.LoggingService writeLog
INFO: classname: PaymentController levelINFO date: 2021_02_07_15_08 message: | Send request to kp
Feb 07, 2021 3:08:57 PM com.example.kp.service.LoggingService writeLog
INFO: classname: PaymentController levelINFO date: 2021_02_07_15_08 message: | Send request to kp
Feb 07, 2021 3:08:57 PM com.example.kp.service.LoggingService writeLog
INFO: classname: PaymentController levelINFO date: 2021_02_07_15_08 message: | Send request to kp
Feb 07, 2021 3:08:57 PM com.example.kp.service.LoggingService writeLog
INFO: classname: PaymentController levelINFO date: 2021_02_07_15_08 message: | Send request to kp
Feb 07, 2021 3:08:57 PM com.example.kp.service.LoggingService writeLog
INFO: classname: PaymentController levelINFO date: 2021_02_07_15_08 message: | Send request to kp
Feb 07, 2021 3:10:40 PM com.example.kp.service.LoggingService writeLog
INFO: classname: PaymentController levelINFO date: 2021_02_07_15_10 message: | BankPay is called
Feb 07, 2021 3:10:40 PM com.example.kp.service.LoggingService writeLog
INFO: classname: PaymentController levelINFO date: 2021_02_07_15_10 message: | BankPay is called
Feb 07, 2021 3:10:40 PM com.example.kp.service.LoggingService writeLog
INFO: classname: PaymentController levelINFO date: 2021_02_07_15_10 message: | BankPay is called
Feb 07, 2021 3:10:40 PM com.example.kp.service.LoggingService writeLog
INFO: classname: PaymentController levelINFO date: 2021_02_07_15_10 message: | BankPay is called
Feb 07, 2021 3:10:40 PM com.example.kp.service.LoggingService writeLog
INFO: classname: PaymentController levelINFO date: 2021_02_07_15_10 message: | BankPay is called
Feb 07, 2021 3:10:40 PM com.example.kp.service.LoggingService writeLog
INFO: classname: PaymentController levelINFO date: 2021_02_07_15_10 message: | BankPay is called
Feb 07, 2021 3:10:40 PM com.example.kp.service.LoggingService writeLog
INFO: classname: PaymentController levelINFO date: 2021_02_07_15_10 message: | Send request to kp
Feb 07, 2021 3:10:40 PM com.example.kp.service.LoggingService writeLog
INFO: classname: PaymentController levelINFO date: 2021_02_07_15_10 message: | Send request to kp
Feb 07, 2021 3:10:40 PM com.example.kp.service.LoggingService writeLog
INFO: classname: PaymentController levelINFO date: 2021_02_07_15_10 message: | Send request to kp
Feb 07, 2021 3:10:40 PM com.example.kp.service.LoggingService writeLog
INFO: classname: PaymentController levelINFO date: 2021_02_07_15_10 message: | Send request to kp
Feb 07, 2021 3:10:40 PM com.example.kp.service.LoggingService writeLog
INFO: classname: PaymentController levelINFO date: 2021_02_07_15_10 message: | Send request to kp
Feb 07, 2021 3:10:40 PM com.example.kp.service.LoggingService writeLog
INFO: classname: PaymentController levelINFO date: 2021_02_07_15_10 message: | Send request to kp
Feb 07, 2021 3:10:40 PM com.example.kp.service.LoggingService writeLog
INFO: classname: PaymentController levelINFO date: 2021_02_07_15_10 message: | Send request to kp
Feb 07, 2021 3:15:34 PM com.example.kp.service.LoggingService writeLog
INFO: classname: PaymentController levelINFO date: 2021_02_07_15_15 message: | BankPay is called
Feb 07, 2021 3:15:34 PM com.example.kp.service.LoggingService writeLog
INFO: classname: PaymentController levelINFO date: 2021_02_07_15_15 message: | BankPay is called
Feb 07, 2021 3:15:34 PM com.example.kp.service.LoggingService writeLog
INFO: classname: PaymentController levelINFO date: 2021_02_07_15_15 message: | BankPay is called
Feb 07, 2021 3:15:34 PM com.example.kp.service.LoggingService writeLog
INFO: classname: PaymentController levelINFO date: 2021_02_07_15_15 message: | BankPay is called
Feb 07, 2021 3:15:34 PM com.example.kp.service.LoggingService writeLog
INFO: classname: PaymentController levelINFO date: 2021_02_07_15_15 message: | BankPay is called
Feb 07, 2021 3:15:34 PM com.example.kp.service.LoggingService writeLog
INFO: classname: PaymentController levelINFO date: 2021_02_07_15_15 message: | BankPay is called
Feb 07, 2021 3:15:34 PM com.example.kp.service.LoggingService writeLog
INFO: classname: PaymentController levelINFO date: 2021_02_07_15_15 message: | BankPay is called
Feb 07, 2021 3:15:34 PM com.example.kp.service.LoggingService writeLog
INFO: classname: PaymentController levelINFO date: 2021_02_07_15_15 message: | BankPay is called
Feb 07, 2021 3:15:34 PM com.example.kp.service.LoggingService writeLog
INFO: classname: PaymentController levelINFO date: 2021_02_07_15_15 message: | Send request to kp
Feb 07, 2021 3:15:34 PM com.example.kp.service.LoggingService writeLog
INFO: classname: PaymentController levelINFO date: 2021_02_07_15_15 message: | Send request to kp
Feb 07, 2021 3:15:34 PM com.example.kp.service.LoggingService writeLog
INFO: classname: PaymentController levelINFO date: 2021_02_07_15_15 message: | Send request to kp
Feb 07, 2021 3:15:34 PM com.example.kp.service.LoggingService writeLog
INFO: classname: PaymentController levelINFO date: 2021_02_07_15_15 message: | Send request to kp
Feb 07, 2021 3:15:34 PM com.example.kp.service.LoggingService writeLog
INFO: classname: PaymentController levelINFO date: 2021_02_07_15_15 message: | Send request to kp
Feb 07, 2021 3:15:34 PM com.example.kp.service.LoggingService writeLog
INFO: classname: PaymentController levelINFO date: 2021_02_07_15_15 message: | Send request to kp
Feb 07, 2021 3:15:34 PM com.example.kp.service.LoggingService writeLog
INFO: classname: PaymentController levelINFO date: 2021_02_07_15_15 message: | Send request to kp
Feb 07, 2021 3:15:34 PM com.example.kp.service.LoggingService writeLog
INFO: classname: PaymentController levelINFO date: 2021_02_07_15_15 message: | Send request to kp
Feb 07, 2021 3:15:34 PM com.example.kp.service.LoggingService writeLog
INFO: classname: PaymentController levelINFO date: 2021_02_07_15_15 message: | Send request to kp
Feb 07, 2021 3:24:08 PM com.example.kp.service.LoggingService writeLog
INFO: classname: PaymentController levelINFO date: 2021_02_07_15_24 message: | BankPay is called
Feb 07, 2021 3:24:08 PM com.example.kp.service.LoggingService writeLog
INFO: classname: PaymentController levelINFO date: 2021_02_07_15_24 message: | BankPay is called
Feb 07, 2021 3:24:08 PM com.example.kp.service.LoggingService writeLog
INFO: classname: PaymentController levelINFO date: 2021_02_07_15_24 message: | BankPay is called
Feb 07, 2021 3:24:08 PM com.example.kp.service.LoggingService writeLog
INFO: classname: PaymentController levelINFO date: 2021_02_07_15_24 message: | BankPay is called
Feb 07, 2021 3:24:08 PM com.example.kp.service.LoggingService writeLog
INFO: classname: PaymentController levelINFO date: 2021_02_07_15_24 message: | BankPay is called
Feb 07, 2021 3:24:08 PM com.example.kp.service.LoggingService writeLog
INFO: classname: PaymentController levelINFO date: 2021_02_07_15_24 message: | BankPay is called
Feb 07, 2021 3:24:08 PM com.example.kp.service.LoggingService writeLog
INFO: classname: PaymentController levelINFO date: 2021_02_07_15_24 message: | BankPay is called
Feb 07, 2021 3:24:08 PM com.example.kp.service.LoggingService writeLog
INFO: classname: PaymentController levelINFO date: 2021_02_07_15_24 message: | BankPay is called
Feb 07, 2021 3:24:08 PM com.example.kp.service.LoggingService writeLog
INFO: classname: PaymentController levelINFO date: 2021_02_07_15_24 message: | BankPay is called
Feb 07, 2021 3:24:08 PM com.example.kp.service.LoggingService writeLog
INFO: classname: PaymentController levelINFO date: 2021_02_07_15_24 message: | BankPay is called
Feb 07, 2021 3:24:08 PM com.example.kp.service.LoggingService writeLog
INFO: classname: PaymentController levelINFO date: 2021_02_07_15_24 message: | Send request to kp
Feb 07, 2021 3:24:08 PM com.example.kp.service.LoggingService writeLog
INFO: classname: PaymentController levelINFO date: 2021_02_07_15_24 message: | Send request to kp
Feb 07, 2021 3:24:08 PM com.example.kp.service.LoggingService writeLog
INFO: classname: PaymentController levelINFO date: 2021_02_07_15_24 message: | Send request to kp
Feb 07, 2021 3:24:08 PM com.example.kp.service.LoggingService writeLog
INFO: classname: PaymentController levelINFO date: 2021_02_07_15_24 message: | Send request to kp
Feb 07, 2021 3:24:08 PM com.example.kp.service.LoggingService writeLog
INFO: classname: PaymentController levelINFO date: 2021_02_07_15_24 message: | Send request to kp
Feb 07, 2021 3:24:08 PM com.example.kp.service.LoggingService writeLog
INFO: classname: PaymentController levelINFO date: 2021_02_07_15_24 message: | Send request to kp
Feb 07, 2021 3:24:08 PM com.example.kp.service.LoggingService writeLog
INFO: classname: PaymentController levelINFO date: 2021_02_07_15_24 message: | Send request to kp
Feb 07, 2021 3:24:08 PM com.example.kp.service.LoggingService writeLog
INFO: classname: PaymentController levelINFO date: 2021_02_07_15_24 message: | Send request to kp
Feb 07, 2021 3:24:08 PM com.example.kp.service.LoggingService writeLog
INFO: classname: PaymentController levelINFO date: 2021_02_07_15_24 message: | Send request to kp
Feb 07, 2021 3:24:08 PM com.example.kp.service.LoggingService writeLog
INFO: classname: PaymentController levelINFO date: 2021_02_07_15_24 message: | Send request to kp
Feb 07, 2021 3:24:08 PM com.example.kp.service.LoggingService writeLog
INFO: classname: PaymentController levelINFO date: 2021_02_07_15_24 message: | Send request to kp
Feb 07, 2021 4:14:21 PM com.example.kp.service.LoggingService writeLog
INFO: classname: PaymentController levelINFO date: 2021_02_07_16_14 message: | BankPay is called
Feb 07, 2021 4:14:21 PM com.example.kp.service.LoggingService writeLog
INFO: classname: PaymentController levelINFO date: 2021_02_07_16_14 message: | BankPay is called
Feb 07, 2021 4:14:21 PM com.example.kp.service.LoggingService writeLog
INFO: classname: PaymentController levelINFO date: 2021_02_07_16_14 message: | BankPay is called
Feb 07, 2021 4:14:21 PM com.example.kp.service.LoggingService writeLog
INFO: classname: PaymentController levelINFO date: 2021_02_07_16_14 message: | BankPay is called
Feb 07, 2021 4:14:21 PM com.example.kp.service.LoggingService writeLog
INFO: classname: PaymentController levelINFO date: 2021_02_07_16_14 message: | BankPay is called
Feb 07, 2021 4:14:21 PM com.example.kp.service.LoggingService writeLog
INFO: classname: PaymentController levelINFO date: 2021_02_07_16_14 message: | BankPay is called
Feb 07, 2021 4:14:21 PM com.example.kp.service.LoggingService writeLog
INFO: classname: PaymentController levelINFO date: 2021_02_07_16_14 message: | BankPay is called
Feb 07, 2021 4:14:21 PM com.example.kp.service.LoggingService writeLog
INFO: classname: PaymentController levelINFO date: 2021_02_07_16_14 message: | BankPay is called
Feb 07, 2021 4:14:21 PM com.example.kp.service.LoggingService writeLog
INFO: classname: PaymentController levelINFO date: 2021_02_07_16_14 message: | BankPay is called
Feb 07, 2021 4:14:21 PM com.example.kp.service.LoggingService writeLog
INFO: classname: PaymentController levelINFO date: 2021_02_07_16_14 message: | BankPay is called
Feb 07, 2021 4:14:21 PM com.example.kp.service.LoggingService writeLog
INFO: classname: PaymentController levelINFO date: 2021_02_07_16_14 message: | BankPay is called
Feb 07, 2021 4:14:21 PM com.example.kp.service.LoggingService writeLog
INFO: classname: PaymentController levelINFO date: 2021_02_07_16_14 message: | BankPay is called
Feb 07, 2021 4:14:21 PM com.example.kp.service.LoggingService writeLog
INFO: classname: PaymentController levelINFO date: 2021_02_07_16_14 message: | Send request to kp
Feb 07, 2021 4:14:21 PM com.example.kp.service.LoggingService writeLog
INFO: classname: PaymentController levelINFO date: 2021_02_07_16_14 message: | Send request to kp
Feb 07, 2021 4:14:21 PM com.example.kp.service.LoggingService writeLog
INFO: classname: PaymentController levelINFO date: 2021_02_07_16_14 message: | Send request to kp
Feb 07, 2021 4:14:21 PM com.example.kp.service.LoggingService writeLog
INFO: classname: PaymentController levelINFO date: 2021_02_07_16_14 message: | Send request to kp
Feb 07, 2021 4:14:21 PM com.example.kp.service.LoggingService writeLog
INFO: classname: PaymentController levelINFO date: 2021_02_07_16_14 message: | Send request to kp
Feb 07, 2021 4:14:21 PM com.example.kp.service.LoggingService writeLog
INFO: classname: PaymentController levelINFO date: 2021_02_07_16_14 message: | Send request to kp
Feb 07, 2021 4:14:21 PM com.example.kp.service.LoggingService writeLog
INFO: classname: PaymentController levelINFO date: 2021_02_07_16_14 message: | Send request to kp
Feb 07, 2021 4:14:21 PM com.example.kp.service.LoggingService writeLog
INFO: classname: PaymentController levelINFO date: 2021_02_07_16_14 message: | Send request to kp
Feb 07, 2021 4:14:21 PM com.example.kp.service.LoggingService writeLog
INFO: classname: PaymentController levelINFO date: 2021_02_07_16_14 message: | Send request to kp
Feb 07, 2021 4:14:21 PM com.example.kp.service.LoggingService writeLog
INFO: classname: PaymentController levelINFO date: 2021_02_07_16_14 message: | Send request to kp
Feb 07, 2021 4:14:21 PM com.example.kp.service.LoggingService writeLog
INFO: classname: PaymentController levelINFO date: 2021_02_07_16_14 message: | Send request to kp
Feb 07, 2021 4:14:21 PM com.example.kp.service.LoggingService writeLog
INFO: classname: PaymentController levelINFO date: 2021_02_07_16_14 message: | Send request to kp
Feb 07, 2021 4:14:21 PM com.example.kp.service.LoggingService writeLog
INFO: classname: PaymentController levelINFO date: 2021_02_07_16_14 message: | Send request to kp
Feb 07, 2021 4:15:35 PM com.example.kp.service.LoggingService writeLog
INFO: classname: PaymentController levelINFO date: 2021_02_07_16_15 message: | BankPay is called
Feb 07, 2021 4:15:35 PM com.example.kp.service.LoggingService writeLog
INFO: classname: PaymentController levelINFO date: 2021_02_07_16_15 message: | BankPay is called
Feb 07, 2021 4:15:35 PM com.example.kp.service.LoggingService writeLog
INFO: classname: PaymentController levelINFO date: 2021_02_07_16_15 message: | BankPay is called
Feb 07, 2021 4:15:35 PM com.example.kp.service.LoggingService writeLog
INFO: classname: PaymentController levelINFO date: 2021_02_07_16_15 message: | BankPay is called
Feb 07, 2021 4:15:35 PM com.example.kp.service.LoggingService writeLog
INFO: classname: PaymentController levelINFO date: 2021_02_07_16_15 message: | BankPay is called
Feb 07, 2021 4:15:35 PM com.example.kp.service.LoggingService writeLog
INFO: classname: PaymentController levelINFO date: 2021_02_07_16_15 message: | BankPay is called
Feb 07, 2021 4:15:35 PM com.example.kp.service.LoggingService writeLog
INFO: classname: PaymentController levelINFO date: 2021_02_07_16_15 message: | BankPay is called
Feb 07, 2021 4:15:35 PM com.example.kp.service.LoggingService writeLog
INFO: classname: PaymentController levelINFO date: 2021_02_07_16_15 message: | BankPay is called
Feb 07, 2021 4:15:35 PM com.example.kp.service.LoggingService writeLog
INFO: classname: PaymentController levelINFO date: 2021_02_07_16_15 message: | BankPay is called
Feb 07, 2021 4:15:35 PM com.example.kp.service.LoggingService writeLog
INFO: classname: PaymentController levelINFO date: 2021_02_07_16_15 message: | BankPay is called
Feb 07, 2021 4:15:35 PM com.example.kp.service.LoggingService writeLog
INFO: classname: PaymentController levelINFO date: 2021_02_07_16_15 message: | BankPay is called
Feb 07, 2021 4:15:35 PM com.example.kp.service.LoggingService writeLog
INFO: classname: PaymentController levelINFO date: 2021_02_07_16_15 message: | BankPay is called
Feb 07, 2021 4:15:35 PM com.example.kp.service.LoggingService writeLog
INFO: classname: PaymentController levelINFO date: 2021_02_07_16_15 message: | BankPay is called
Feb 07, 2021 4:15:35 PM com.example.kp.service.LoggingService writeLog
INFO: classname: PaymentController levelINFO date: 2021_02_07_16_15 message: | BankPay is called
Feb 07, 2021 4:15:35 PM com.example.kp.service.LoggingService writeLog
INFO: classname: PaymentController levelINFO date: 2021_02_07_16_15 message: | Send request to kp
Feb 07, 2021 4:15:35 PM com.example.kp.service.LoggingService writeLog
INFO: classname: PaymentController levelINFO date: 2021_02_07_16_15 message: | Send request to kp
Feb 07, 2021 4:15:35 PM com.example.kp.service.LoggingService writeLog
INFO: classname: PaymentController levelINFO date: 2021_02_07_16_15 message: | Send request to kp
Feb 07, 2021 4:15:35 PM com.example.kp.service.LoggingService writeLog
INFO: classname: PaymentController levelINFO date: 2021_02_07_16_15 message: | Send request to kp
Feb 07, 2021 4:15:35 PM com.example.kp.service.LoggingService writeLog
INFO: classname: PaymentController levelINFO date: 2021_02_07_16_15 message: | Send request to kp
Feb 07, 2021 4:15:35 PM com.example.kp.service.LoggingService writeLog
INFO: classname: PaymentController levelINFO date: 2021_02_07_16_15 message: | Send request to kp
Feb 07, 2021 4:15:35 PM com.example.kp.service.LoggingService writeLog
INFO: classname: PaymentController levelINFO date: 2021_02_07_16_15 message: | Send request to kp
Feb 07, 2021 4:15:35 PM com.example.kp.service.LoggingService writeLog
INFO: classname: PaymentController levelINFO date: 2021_02_07_16_15 message: | Send request to kp
Feb 07, 2021 4:15:35 PM com.example.kp.service.LoggingService writeLog
INFO: classname: PaymentController levelINFO date: 2021_02_07_16_15 message: | Send request to kp
Feb 07, 2021 4:15:35 PM com.example.kp.service.LoggingService writeLog
INFO: classname: PaymentController levelINFO date: 2021_02_07_16_15 message: | Send request to kp
Feb 07, 2021 4:15:35 PM com.example.kp.service.LoggingService writeLog
INFO: classname: PaymentController levelINFO date: 2021_02_07_16_15 message: | Send request to kp
Feb 07, 2021 4:15:35 PM com.example.kp.service.LoggingService writeLog
INFO: classname: PaymentController levelINFO date: 2021_02_07_16_15 message: | Send request to kp
Feb 07, 2021 4:15:35 PM com.example.kp.service.LoggingService writeLog
INFO: classname: PaymentController levelINFO date: 2021_02_07_16_15 message: | Send request to kp
Feb 07, 2021 4:15:35 PM com.example.kp.service.LoggingService writeLog
INFO: classname: PaymentController levelINFO date: 2021_02_07_16_15 message: | Send request to kp
Feb 07, 2021 4:15:35 PM com.example.kp.service.LoggingService writeLog
INFO: classname: PaymentController levelINFO date: 2021_02_07_16_15 message: | Send request to kp
Feb 07, 2021 4:20:11 PM com.example.kp.service.LoggingService writeLog
INFO: classname: PaymentController levelINFO date: 2021_02_07_16_20 message: | getUser is called
Feb 07, 2021 4:20:11 PM com.example.kp.service.LoggingService writeLog
INFO: classname: PaymentController levelINFO date: 2021_02_07_16_20 message: | getUser is called
Feb 07, 2021 4:20:11 PM com.example.kp.service.LoggingService writeLog
INFO: classname: PaymentController levelINFO date: 2021_02_07_16_20 message: | getUser is called
Feb 07, 2021 4:20:11 PM com.example.kp.service.LoggingService writeLog
INFO: classname: PaymentController levelINFO date: 2021_02_07_16_20 message: | getUser is called
Feb 07, 2021 4:20:11 PM com.example.kp.service.LoggingService writeLog
INFO: classname: PaymentController levelINFO date: 2021_02_07_16_20 message: | getUser is called
Feb 07, 2021 4:20:11 PM com.example.kp.service.LoggingService writeLog
INFO: classname: PaymentController levelINFO date: 2021_02_07_16_20 message: | getUser is called
Feb 07, 2021 4:20:11 PM com.example.kp.service.LoggingService writeLog
INFO: classname: PaymentController levelINFO date: 2021_02_07_16_20 message: | getUser is called
Feb 07, 2021 4:20:11 PM com.example.kp.service.LoggingService writeLog
INFO: classname: PaymentController levelINFO date: 2021_02_07_16_20 message: | getUser is called
Feb 07, 2021 4:20:11 PM com.example.kp.service.LoggingService writeLog
INFO: classname: PaymentController levelINFO date: 2021_02_07_16_20 message: | getUser is called
Feb 07, 2021 4:20:11 PM com.example.kp.service.LoggingService writeLog
INFO: classname: PaymentController levelINFO date: 2021_02_07_16_20 message: | getUser is called
Feb 07, 2021 4:20:11 PM com.example.kp.service.LoggingService writeLog
INFO: classname: PaymentController levelINFO date: 2021_02_07_16_20 message: | getUser is called
Feb 07, 2021 4:20:11 PM com.example.kp.service.LoggingService writeLog
INFO: classname: PaymentController levelINFO date: 2021_02_07_16_20 message: | getUser is called
Feb 07, 2021 4:20:11 PM com.example.kp.service.LoggingService writeLog
INFO: classname: PaymentController levelINFO date: 2021_02_07_16_20 message: | getUser is called
Feb 07, 2021 4:20:11 PM com.example.kp.service.LoggingService writeLog
INFO: classname: PaymentController levelINFO date: 2021_02_07_16_20 message: | getUser is called
Feb 07, 2021 4:20:11 PM com.example.kp.service.LoggingService writeLog
INFO: classname: PaymentController levelINFO date: 2021_02_07_16_20 message: | getUser is called
Feb 07, 2021 4:20:11 PM com.example.kp.service.LoggingService writeLog
INFO: classname: PaymentController levelINFO date: 2021_02_07_16_20 message: | getUser is called
Feb 07, 2021 4:20:12 PM com.example.kp.service.LoggingService writeLog
INFO: classname: PaymentController levelINFO date: 2021_02_07_16_20 message: | BankPay is called
Feb 07, 2021 4:20:12 PM com.example.kp.service.LoggingService writeLog
INFO: classname: PaymentController levelINFO date: 2021_02_07_16_20 message: | BankPay is called
Feb 07, 2021 4:20:12 PM com.example.kp.service.LoggingService writeLog
INFO: classname: PaymentController levelINFO date: 2021_02_07_16_20 message: | BankPay is called
Feb 07, 2021 4:20:12 PM com.example.kp.service.LoggingService writeLog
INFO: classname: PaymentController levelINFO date: 2021_02_07_16_20 message: | BankPay is called
Feb 07, 2021 4:20:12 PM com.example.kp.service.LoggingService writeLog
INFO: classname: PaymentController levelINFO date: 2021_02_07_16_20 message: | BankPay is called
Feb 07, 2021 4:20:12 PM com.example.kp.service.LoggingService writeLog
INFO: classname: PaymentController levelINFO date: 2021_02_07_16_20 message: | BankPay is called
Feb 07, 2021 4:20:12 PM com.example.kp.service.LoggingService writeLog
INFO: classname: PaymentController levelINFO date: 2021_02_07_16_20 message: | BankPay is called
Feb 07, 2021 4:20:12 PM com.example.kp.service.LoggingService writeLog
INFO: classname: PaymentController levelINFO date: 2021_02_07_16_20 message: | BankPay is called
Feb 07, 2021 4:20:12 PM com.example.kp.service.LoggingService writeLog
INFO: classname: PaymentController levelINFO date: 2021_02_07_16_20 message: | BankPay is called
Feb 07, 2021 4:20:12 PM com.example.kp.service.LoggingService writeLog
INFO: classname: PaymentController levelINFO date: 2021_02_07_16_20 message: | BankPay is called
Feb 07, 2021 4:20:12 PM com.example.kp.service.LoggingService writeLog
INFO: classname: PaymentController levelINFO date: 2021_02_07_16_20 message: | BankPay is called
Feb 07, 2021 4:20:12 PM com.example.kp.service.LoggingService writeLog
INFO: classname: PaymentController levelINFO date: 2021_02_07_16_20 message: | BankPay is called
Feb 07, 2021 4:20:12 PM com.example.kp.service.LoggingService writeLog
INFO: classname: PaymentController levelINFO date: 2021_02_07_16_20 message: | BankPay is called
Feb 07, 2021 4:20:12 PM com.example.kp.service.LoggingService writeLog
INFO: classname: PaymentController levelINFO date: 2021_02_07_16_20 message: | BankPay is called
Feb 07, 2021 4:20:12 PM com.example.kp.service.LoggingService writeLog
INFO: classname: PaymentController levelINFO date: 2021_02_07_16_20 message: | BankPay is called
Feb 07, 2021 4:20:12 PM com.example.kp.service.LoggingService writeLog
INFO: classname: PaymentController levelINFO date: 2021_02_07_16_20 message: | BankPay is called
Feb 07, 2021 4:20:12 PM com.example.kp.service.LoggingService writeLog
INFO: classname: PaymentController levelINFO date: 2021_02_07_16_20 message: | BankPay is called
Feb 07, 2021 4:20:12 PM com.example.kp.service.LoggingService writeLog
INFO: classname: PaymentController levelINFO date: 2021_02_07_16_20 message: | Send request to kp
Feb 07, 2021 4:20:12 PM com.example.kp.service.LoggingService writeLog
INFO: classname: PaymentController levelINFO date: 2021_02_07_16_20 message: | Send request to kp
Feb 07, 2021 4:20:12 PM com.example.kp.service.LoggingService writeLog
INFO: classname: PaymentController levelINFO date: 2021_02_07_16_20 message: | Send request to kp
Feb 07, 2021 4:20:12 PM com.example.kp.service.LoggingService writeLog
INFO: classname: PaymentController levelINFO date: 2021_02_07_16_20 message: | Send request to kp
Feb 07, 2021 4:20:12 PM com.example.kp.service.LoggingService writeLog
INFO: classname: PaymentController levelINFO date: 2021_02_07_16_20 message: | Send request to kp
Feb 07, 2021 4:20:12 PM com.example.kp.service.LoggingService writeLog
INFO: classname: PaymentController levelINFO date: 2021_02_07_16_20 message: | Send request to kp
Feb 07, 2021 4:20:12 PM com.example.kp.service.LoggingService writeLog
INFO: classname: PaymentController levelINFO date: 2021_02_07_16_20 message: | Send request to kp
Feb 07, 2021 4:20:12 PM com.example.kp.service.LoggingService writeLog
INFO: classname: PaymentController levelINFO date: 2021_02_07_16_20 message: | Send request to kp
Feb 07, 2021 4:20:12 PM com.example.kp.service.LoggingService writeLog
INFO: classname: PaymentController levelINFO date: 2021_02_07_16_20 message: | Send request to kp
Feb 07, 2021 4:20:12 PM com.example.kp.service.LoggingService writeLog
INFO: classname: PaymentController levelINFO date: 2021_02_07_16_20 message: | Send request to kp
Feb 07, 2021 4:20:12 PM com.example.kp.service.LoggingService writeLog
INFO: classname: PaymentController levelINFO date: 2021_02_07_16_20 message: | Send request to kp
Feb 07, 2021 4:20:12 PM com.example.kp.service.LoggingService writeLog
INFO: classname: PaymentController levelINFO date: 2021_02_07_16_20 message: | Send request to kp
Feb 07, 2021 4:20:12 PM com.example.kp.service.LoggingService writeLog
INFO: classname: PaymentController levelINFO date: 2021_02_07_16_20 message: | Send request to kp
Feb 07, 2021 4:20:12 PM com.example.kp.service.LoggingService writeLog
INFO: classname: PaymentController levelINFO date: 2021_02_07_16_20 message: | Send request to kp
Feb 07, 2021 4:20:12 PM com.example.kp.service.LoggingService writeLog
INFO: classname: PaymentController levelINFO date: 2021_02_07_16_20 message: | Send request to kp
Feb 07, 2021 4:20:12 PM com.example.kp.service.LoggingService writeLog
INFO: classname: PaymentController levelINFO date: 2021_02_07_16_20 message: | Send request to kp
Feb 07, 2021 4:20:12 PM com.example.kp.service.LoggingService writeLog
INFO: classname: PaymentController levelINFO date: 2021_02_07_16_20 message: | Send request to kp
Feb 07, 2021 4:20:12 PM com.example.kp.service.LoggingService writeLog
INFO: classname: PaymentController levelINFO date: 2021_02_07_16_20 message: | Send request to kp
