Feb 07, 2021 8:15:03 PM com.example.kp.service.LoggingService writeLog
INFO: classname: PaymentController levelINFO date: 2021_02_07_20_15 message: | getUser is called
Feb 07, 2021 8:15:05 PM com.example.kp.service.LoggingService writeLog
INFO: classname: PaymentController levelINFO date: 2021_02_07_20_15 message: | BankPay is called
Feb 07, 2021 8:15:05 PM com.example.kp.service.LoggingService writeLog
INFO: classname: PaymentController levelINFO date: 2021_02_07_20_15 message: | BankPay is called
Feb 07, 2021 8:15:05 PM com.example.kp.service.LoggingService writeLog
INFO: classname: PaymentController levelINFO date: 2021_02_07_20_15 message: | Send request to kp
Feb 07, 2021 8:15:05 PM com.example.kp.service.LoggingService writeLog
INFO: classname: PaymentController levelINFO date: 2021_02_07_20_15 message: | Send request to kp
Feb 07, 2021 8:15:05 PM com.example.kp.service.LoggingService writeLog
INFO: classname: PaymentController levelINFO date: 2021_02_07_20_15 message: | Send request to kp
Feb 07, 2021 8:15:39 PM com.example.kp.service.LoggingService writeLog
INFO: classname: PaymentController levelINFO date: 2021_02_07_20_15 message: | getUser is called
Feb 07, 2021 8:15:39 PM com.example.kp.service.LoggingService writeLog
INFO: classname: PaymentController levelINFO date: 2021_02_07_20_15 message: | getUser is called
Feb 07, 2021 8:15:39 PM com.example.kp.service.LoggingService writeLog
INFO: classname: PaymentController levelINFO date: 2021_02_07_20_15 message: | getUser is called
Feb 07, 2021 8:15:39 PM com.example.kp.service.LoggingService writeLog
INFO: classname: PaymentController levelINFO date: 2021_02_07_20_15 message: | getUser is called
Feb 07, 2021 8:15:40 PM com.example.kp.service.LoggingService writeLog
INFO: classname: PaymentController levelINFO date: 2021_02_07_20_15 message: | BankPay is called
Feb 07, 2021 8:15:40 PM com.example.kp.service.LoggingService writeLog
INFO: classname: PaymentController levelINFO date: 2021_02_07_20_15 message: | BankPay is called
Feb 07, 2021 8:15:40 PM com.example.kp.service.LoggingService writeLog
INFO: classname: PaymentController levelINFO date: 2021_02_07_20_15 message: | BankPay is called
Feb 07, 2021 8:15:40 PM com.example.kp.service.LoggingService writeLog
INFO: classname: PaymentController levelINFO date: 2021_02_07_20_15 message: | BankPay is called
Feb 07, 2021 8:15:40 PM com.example.kp.service.LoggingService writeLog
INFO: classname: PaymentController levelINFO date: 2021_02_07_20_15 message: | BankPay is called
Feb 07, 2021 8:15:40 PM com.example.kp.service.LoggingService writeLog
INFO: classname: PaymentController levelINFO date: 2021_02_07_20_15 message: | Send request to kp
Feb 07, 2021 8:15:40 PM com.example.kp.service.LoggingService writeLog
INFO: classname: PaymentController levelINFO date: 2021_02_07_20_15 message: | Send request to kp
Feb 07, 2021 8:15:40 PM com.example.kp.service.LoggingService writeLog
INFO: classname: PaymentController levelINFO date: 2021_02_07_20_15 message: | Send request to kp
Feb 07, 2021 8:15:40 PM com.example.kp.service.LoggingService writeLog
INFO: classname: PaymentController levelINFO date: 2021_02_07_20_15 message: | Send request to kp
Feb 07, 2021 8:15:40 PM com.example.kp.service.LoggingService writeLog
INFO: classname: PaymentController levelINFO date: 2021_02_07_20_15 message: | Send request to kp
Feb 07, 2021 8:15:40 PM com.example.kp.service.LoggingService writeLog
INFO: classname: PaymentController levelINFO date: 2021_02_07_20_15 message: | Send request to kp
Feb 07, 2021 8:18:40 PM com.example.kp.service.LoggingService writeLog
INFO: classname: PaymentController levelINFO date: 2021_02_07_20_18 message: | getUser is called
Feb 07, 2021 8:18:40 PM com.example.kp.service.LoggingService writeLog
INFO: classname: PaymentController levelINFO date: 2021_02_07_20_18 message: | getUser is called
Feb 07, 2021 8:18:40 PM com.example.kp.service.LoggingService writeLog
INFO: classname: PaymentController levelINFO date: 2021_02_07_20_18 message: | getUser is called
Feb 07, 2021 8:18:40 PM com.example.kp.service.LoggingService writeLog
INFO: classname: PaymentController levelINFO date: 2021_02_07_20_18 message: | getUser is called
Feb 07, 2021 8:18:40 PM com.example.kp.service.LoggingService writeLog
INFO: classname: PaymentController levelINFO date: 2021_02_07_20_18 message: | getUser is called
Feb 07, 2021 8:18:40 PM com.example.kp.service.LoggingService writeLog
INFO: classname: PaymentController levelINFO date: 2021_02_07_20_18 message: | getUser is called
Feb 07, 2021 8:18:40 PM com.example.kp.service.LoggingService writeLog
INFO: classname: PaymentController levelINFO date: 2021_02_07_20_18 message: | getUser is called
Feb 07, 2021 8:18:41 PM com.example.kp.service.LoggingService writeLog
INFO: classname: PaymentController levelINFO date: 2021_02_07_20_18 message: | BankPay is called
Feb 07, 2021 8:18:41 PM com.example.kp.service.LoggingService writeLog
INFO: classname: PaymentController levelINFO date: 2021_02_07_20_18 message: | BankPay is called
Feb 07, 2021 8:18:41 PM com.example.kp.service.LoggingService writeLog
INFO: classname: PaymentController levelINFO date: 2021_02_07_20_18 message: | BankPay is called
Feb 07, 2021 8:18:41 PM com.example.kp.service.LoggingService writeLog
INFO: classname: PaymentController levelINFO date: 2021_02_07_20_18 message: | BankPay is called
Feb 07, 2021 8:18:41 PM com.example.kp.service.LoggingService writeLog
INFO: classname: PaymentController levelINFO date: 2021_02_07_20_18 message: | BankPay is called
Feb 07, 2021 8:18:41 PM com.example.kp.service.LoggingService writeLog
INFO: classname: PaymentController levelINFO date: 2021_02_07_20_18 message: | BankPay is called
Feb 07, 2021 8:18:41 PM com.example.kp.service.LoggingService writeLog
INFO: classname: PaymentController levelINFO date: 2021_02_07_20_18 message: | BankPay is called
Feb 07, 2021 8:18:41 PM com.example.kp.service.LoggingService writeLog
INFO: classname: PaymentController levelINFO date: 2021_02_07_20_18 message: | BankPay is called
Feb 07, 2021 8:18:41 PM com.example.kp.service.LoggingService writeLog
INFO: classname: PaymentController levelINFO date: 2021_02_07_20_18 message: | Send request to kp
Feb 07, 2021 8:18:41 PM com.example.kp.service.LoggingService writeLog
INFO: classname: PaymentController levelINFO date: 2021_02_07_20_18 message: | Send request to kp
Feb 07, 2021 8:18:41 PM com.example.kp.service.LoggingService writeLog
INFO: classname: PaymentController levelINFO date: 2021_02_07_20_18 message: | Send request to kp
Feb 07, 2021 8:18:41 PM com.example.kp.service.LoggingService writeLog
INFO: classname: PaymentController levelINFO date: 2021_02_07_20_18 message: | Send request to kp
Feb 07, 2021 8:18:41 PM com.example.kp.service.LoggingService writeLog
INFO: classname: PaymentController levelINFO date: 2021_02_07_20_18 message: | Send request to kp
Feb 07, 2021 8:18:41 PM com.example.kp.service.LoggingService writeLog
INFO: classname: PaymentController levelINFO date: 2021_02_07_20_18 message: | Send request to kp
Feb 07, 2021 8:18:41 PM com.example.kp.service.LoggingService writeLog
INFO: classname: PaymentController levelINFO date: 2021_02_07_20_18 message: | Send request to kp
Feb 07, 2021 8:18:41 PM com.example.kp.service.LoggingService writeLog
INFO: classname: PaymentController levelINFO date: 2021_02_07_20_18 message: | Send request to kp
Feb 07, 2021 8:18:41 PM com.example.kp.service.LoggingService writeLog
INFO: classname: PaymentController levelINFO date: 2021_02_07_20_18 message: | Send request to kp
Feb 07, 2021 8:19:35 PM com.example.kp.service.LoggingService writeLog
INFO: classname: PaymentController levelINFO date: 2021_02_07_20_19 message: | getUser is called
Feb 07, 2021 8:19:35 PM com.example.kp.service.LoggingService writeLog
INFO: classname: PaymentController levelINFO date: 2021_02_07_20_19 message: | getUser is called
Feb 07, 2021 8:19:35 PM com.example.kp.service.LoggingService writeLog
INFO: classname: PaymentController levelINFO date: 2021_02_07_20_19 message: | getUser is called
Feb 07, 2021 8:19:35 PM com.example.kp.service.LoggingService writeLog
INFO: classname: PaymentController levelINFO date: 2021_02_07_20_19 message: | getUser is called
Feb 07, 2021 8:19:35 PM com.example.kp.service.LoggingService writeLog
INFO: classname: PaymentController levelINFO date: 2021_02_07_20_19 message: | getUser is called
Feb 07, 2021 8:19:35 PM com.example.kp.service.LoggingService writeLog
INFO: classname: PaymentController levelINFO date: 2021_02_07_20_19 message: | getUser is called
Feb 07, 2021 8:19:35 PM com.example.kp.service.LoggingService writeLog
INFO: classname: PaymentController levelINFO date: 2021_02_07_20_19 message: | getUser is called
Feb 07, 2021 8:19:35 PM com.example.kp.service.LoggingService writeLog
INFO: classname: PaymentController levelINFO date: 2021_02_07_20_19 message: | getUser is called
Feb 07, 2021 8:19:35 PM com.example.kp.service.LoggingService writeLog
INFO: classname: PaymentController levelINFO date: 2021_02_07_20_19 message: | getUser is called
Feb 07, 2021 8:19:35 PM com.example.kp.service.LoggingService writeLog
INFO: classname: PaymentController levelINFO date: 2021_02_07_20_19 message: | getUser is called
Feb 07, 2021 8:19:36 PM com.example.kp.service.LoggingService writeLog
INFO: classname: PaymentController levelINFO date: 2021_02_07_20_19 message: | BankPay is called
Feb 07, 2021 8:19:36 PM com.example.kp.service.LoggingService writeLog
INFO: classname: PaymentController levelINFO date: 2021_02_07_20_19 message: | BankPay is called
Feb 07, 2021 8:19:36 PM com.example.kp.service.LoggingService writeLog
INFO: classname: PaymentController levelINFO date: 2021_02_07_20_19 message: | BankPay is called
Feb 07, 2021 8:19:36 PM com.example.kp.service.LoggingService writeLog
INFO: classname: PaymentController levelINFO date: 2021_02_07_20_19 message: | BankPay is called
Feb 07, 2021 8:19:36 PM com.example.kp.service.LoggingService writeLog
INFO: classname: PaymentController levelINFO date: 2021_02_07_20_19 message: | BankPay is called
Feb 07, 2021 8:19:36 PM com.example.kp.service.LoggingService writeLog
INFO: classname: PaymentController levelINFO date: 2021_02_07_20_19 message: | BankPay is called
Feb 07, 2021 8:19:36 PM com.example.kp.service.LoggingService writeLog
INFO: classname: PaymentController levelINFO date: 2021_02_07_20_19 message: | BankPay is called
Feb 07, 2021 8:19:36 PM com.example.kp.service.LoggingService writeLog
INFO: classname: PaymentController levelINFO date: 2021_02_07_20_19 message: | BankPay is called
Feb 07, 2021 8:19:36 PM com.example.kp.service.LoggingService writeLog
INFO: classname: PaymentController levelINFO date: 2021_02_07_20_19 message: | BankPay is called
Feb 07, 2021 8:19:36 PM com.example.kp.service.LoggingService writeLog
INFO: classname: PaymentController levelINFO date: 2021_02_07_20_19 message: | BankPay is called
Feb 07, 2021 8:19:36 PM com.example.kp.service.LoggingService writeLog
INFO: classname: PaymentController levelINFO date: 2021_02_07_20_19 message: | BankPay is called
Feb 07, 2021 8:19:36 PM com.example.kp.service.LoggingService writeLog
INFO: classname: PaymentController levelINFO date: 2021_02_07_20_19 message: | Send request to kp
Feb 07, 2021 8:19:36 PM com.example.kp.service.LoggingService writeLog
INFO: classname: PaymentController levelINFO date: 2021_02_07_20_19 message: | Send request to kp
Feb 07, 2021 8:19:36 PM com.example.kp.service.LoggingService writeLog
INFO: classname: PaymentController levelINFO date: 2021_02_07_20_19 message: | Send request to kp
Feb 07, 2021 8:19:36 PM com.example.kp.service.LoggingService writeLog
INFO: classname: PaymentController levelINFO date: 2021_02_07_20_19 message: | Send request to kp
Feb 07, 2021 8:19:36 PM com.example.kp.service.LoggingService writeLog
INFO: classname: PaymentController levelINFO date: 2021_02_07_20_19 message: | Send request to kp
Feb 07, 2021 8:19:36 PM com.example.kp.service.LoggingService writeLog
INFO: classname: PaymentController levelINFO date: 2021_02_07_20_19 message: | Send request to kp
Feb 07, 2021 8:19:36 PM com.example.kp.service.LoggingService writeLog
INFO: classname: PaymentController levelINFO date: 2021_02_07_20_19 message: | Send request to kp
Feb 07, 2021 8:19:36 PM com.example.kp.service.LoggingService writeLog
INFO: classname: PaymentController levelINFO date: 2021_02_07_20_19 message: | Send request to kp
Feb 07, 2021 8:19:36 PM com.example.kp.service.LoggingService writeLog
INFO: classname: PaymentController levelINFO date: 2021_02_07_20_19 message: | Send request to kp
Feb 07, 2021 8:19:36 PM com.example.kp.service.LoggingService writeLog
INFO: classname: PaymentController levelINFO date: 2021_02_07_20_19 message: | Send request to kp
Feb 07, 2021 8:19:36 PM com.example.kp.service.LoggingService writeLog
INFO: classname: PaymentController levelINFO date: 2021_02_07_20_19 message: | Send request to kp
Feb 07, 2021 8:19:36 PM com.example.kp.service.LoggingService writeLog
INFO: classname: PaymentController levelINFO date: 2021_02_07_20_19 message: | Send request to kp
Feb 07, 2021 8:23:05 PM com.example.kp.service.LoggingService writeLog
INFO: classname: PaymentController levelINFO date: 2021_02_07_20_23 message: | getUser is called
Feb 07, 2021 8:23:05 PM com.example.kp.service.LoggingService writeLog
INFO: classname: PaymentController levelINFO date: 2021_02_07_20_23 message: | getUser is called
Feb 07, 2021 8:23:05 PM com.example.kp.service.LoggingService writeLog
INFO: classname: PaymentController levelINFO date: 2021_02_07_20_23 message: | getUser is called
Feb 07, 2021 8:23:05 PM com.example.kp.service.LoggingService writeLog
INFO: classname: PaymentController levelINFO date: 2021_02_07_20_23 message: | getUser is called
Feb 07, 2021 8:23:05 PM com.example.kp.service.LoggingService writeLog
INFO: classname: PaymentController levelINFO date: 2021_02_07_20_23 message: | getUser is called
Feb 07, 2021 8:23:05 PM com.example.kp.service.LoggingService writeLog
INFO: classname: PaymentController levelINFO date: 2021_02_07_20_23 message: | getUser is called
Feb 07, 2021 8:23:05 PM com.example.kp.service.LoggingService writeLog
INFO: classname: PaymentController levelINFO date: 2021_02_07_20_23 message: | getUser is called
Feb 07, 2021 8:23:05 PM com.example.kp.service.LoggingService writeLog
INFO: classname: PaymentController levelINFO date: 2021_02_07_20_23 message: | getUser is called
Feb 07, 2021 8:23:05 PM com.example.kp.service.LoggingService writeLog
INFO: classname: PaymentController levelINFO date: 2021_02_07_20_23 message: | getUser is called
Feb 07, 2021 8:23:05 PM com.example.kp.service.LoggingService writeLog
INFO: classname: PaymentController levelINFO date: 2021_02_07_20_23 message: | getUser is called
Feb 07, 2021 8:23:05 PM com.example.kp.service.LoggingService writeLog
INFO: classname: PaymentController levelINFO date: 2021_02_07_20_23 message: | getUser is called
Feb 07, 2021 8:23:05 PM com.example.kp.service.LoggingService writeLog
INFO: classname: PaymentController levelINFO date: 2021_02_07_20_23 message: | getUser is called
Feb 07, 2021 8:23:05 PM com.example.kp.service.LoggingService writeLog
INFO: classname: PaymentController levelINFO date: 2021_02_07_20_23 message: | getUser is called
Feb 07, 2021 8:23:06 PM com.example.kp.service.LoggingService writeLog
INFO: classname: PaymentController levelINFO date: 2021_02_07_20_23 message: | BankPay is called
Feb 07, 2021 8:23:06 PM com.example.kp.service.LoggingService writeLog
INFO: classname: PaymentController levelINFO date: 2021_02_07_20_23 message: | BankPay is called
Feb 07, 2021 8:23:06 PM com.example.kp.service.LoggingService writeLog
INFO: classname: PaymentController levelINFO date: 2021_02_07_20_23 message: | BankPay is called
Feb 07, 2021 8:23:06 PM com.example.kp.service.LoggingService writeLog
INFO: classname: PaymentController levelINFO date: 2021_02_07_20_23 message: | BankPay is called
Feb 07, 2021 8:23:06 PM com.example.kp.service.LoggingService writeLog
INFO: classname: PaymentController levelINFO date: 2021_02_07_20_23 message: | BankPay is called
Feb 07, 2021 8:23:06 PM com.example.kp.service.LoggingService writeLog
INFO: classname: PaymentController levelINFO date: 2021_02_07_20_23 message: | BankPay is called
Feb 07, 2021 8:23:06 PM com.example.kp.service.LoggingService writeLog
INFO: classname: PaymentController levelINFO date: 2021_02_07_20_23 message: | BankPay is called
Feb 07, 2021 8:23:06 PM com.example.kp.service.LoggingService writeLog
INFO: classname: PaymentController levelINFO date: 2021_02_07_20_23 message: | BankPay is called
Feb 07, 2021 8:23:06 PM com.example.kp.service.LoggingService writeLog
INFO: classname: PaymentController levelINFO date: 2021_02_07_20_23 message: | BankPay is called
Feb 07, 2021 8:23:06 PM com.example.kp.service.LoggingService writeLog
INFO: classname: PaymentController levelINFO date: 2021_02_07_20_23 message: | BankPay is called
Feb 07, 2021 8:23:06 PM com.example.kp.service.LoggingService writeLog
INFO: classname: PaymentController levelINFO date: 2021_02_07_20_23 message: | BankPay is called
Feb 07, 2021 8:23:06 PM com.example.kp.service.LoggingService writeLog
INFO: classname: PaymentController levelINFO date: 2021_02_07_20_23 message: | BankPay is called
Feb 07, 2021 8:23:06 PM com.example.kp.service.LoggingService writeLog
INFO: classname: PaymentController levelINFO date: 2021_02_07_20_23 message: | BankPay is called
Feb 07, 2021 8:23:06 PM com.example.kp.service.LoggingService writeLog
INFO: classname: PaymentController levelINFO date: 2021_02_07_20_23 message: | BankPay is called
Feb 07, 2021 8:23:06 PM com.example.kp.service.LoggingService writeLog
INFO: classname: PaymentController levelINFO date: 2021_02_07_20_23 message: | Send request to kp
Feb 07, 2021 8:23:06 PM com.example.kp.service.LoggingService writeLog
INFO: classname: PaymentController levelINFO date: 2021_02_07_20_23 message: | Send request to kp
Feb 07, 2021 8:23:06 PM com.example.kp.service.LoggingService writeLog
INFO: classname: PaymentController levelINFO date: 2021_02_07_20_23 message: | Send request to kp
Feb 07, 2021 8:23:06 PM com.example.kp.service.LoggingService writeLog
INFO: classname: PaymentController levelINFO date: 2021_02_07_20_23 message: | Send request to kp
Feb 07, 2021 8:23:06 PM com.example.kp.service.LoggingService writeLog
INFO: classname: PaymentController levelINFO date: 2021_02_07_20_23 message: | Send request to kp
Feb 07, 2021 8:23:06 PM com.example.kp.service.LoggingService writeLog
INFO: classname: PaymentController levelINFO date: 2021_02_07_20_23 message: | Send request to kp
Feb 07, 2021 8:23:06 PM com.example.kp.service.LoggingService writeLog
INFO: classname: PaymentController levelINFO date: 2021_02_07_20_23 message: | Send request to kp
Feb 07, 2021 8:23:06 PM com.example.kp.service.LoggingService writeLog
INFO: classname: PaymentController levelINFO date: 2021_02_07_20_23 message: | Send request to kp
Feb 07, 2021 8:23:06 PM com.example.kp.service.LoggingService writeLog
INFO: classname: PaymentController levelINFO date: 2021_02_07_20_23 message: | Send request to kp
Feb 07, 2021 8:23:06 PM com.example.kp.service.LoggingService writeLog
INFO: classname: PaymentController levelINFO date: 2021_02_07_20_23 message: | Send request to kp
Feb 07, 2021 8:23:06 PM com.example.kp.service.LoggingService writeLog
INFO: classname: PaymentController levelINFO date: 2021_02_07_20_23 message: | Send request to kp
Feb 07, 2021 8:23:06 PM com.example.kp.service.LoggingService writeLog
INFO: classname: PaymentController levelINFO date: 2021_02_07_20_23 message: | Send request to kp
Feb 07, 2021 8:23:06 PM com.example.kp.service.LoggingService writeLog
INFO: classname: PaymentController levelINFO date: 2021_02_07_20_23 message: | Send request to kp
Feb 07, 2021 8:23:06 PM com.example.kp.service.LoggingService writeLog
INFO: classname: PaymentController levelINFO date: 2021_02_07_20_23 message: | Send request to kp
Feb 07, 2021 8:23:06 PM com.example.kp.service.LoggingService writeLog
INFO: classname: PaymentController levelINFO date: 2021_02_07_20_23 message: | Send request to kp
Feb 07, 2021 8:33:03 PM com.example.kp.service.LoggingService writeLog
INFO: classname: PaymentController levelINFO date: 2021_02_07_20_33 message: | getUser is called
Feb 07, 2021 8:33:03 PM com.example.kp.service.LoggingService writeLog
INFO: classname: PaymentController levelINFO date: 2021_02_07_20_33 message: | getUser is called
Feb 07, 2021 8:33:03 PM com.example.kp.service.LoggingService writeLog
INFO: classname: PaymentController levelINFO date: 2021_02_07_20_33 message: | getUser is called
Feb 07, 2021 8:33:03 PM com.example.kp.service.LoggingService writeLog
INFO: classname: PaymentController levelINFO date: 2021_02_07_20_33 message: | getUser is called
Feb 07, 2021 8:33:03 PM com.example.kp.service.LoggingService writeLog
INFO: classname: PaymentController levelINFO date: 2021_02_07_20_33 message: | getUser is called
Feb 07, 2021 8:33:03 PM com.example.kp.service.LoggingService writeLog
INFO: classname: PaymentController levelINFO date: 2021_02_07_20_33 message: | getUser is called
Feb 07, 2021 8:33:03 PM com.example.kp.service.LoggingService writeLog
INFO: classname: PaymentController levelINFO date: 2021_02_07_20_33 message: | getUser is called
Feb 07, 2021 8:33:03 PM com.example.kp.service.LoggingService writeLog
INFO: classname: PaymentController levelINFO date: 2021_02_07_20_33 message: | getUser is called
Feb 07, 2021 8:33:03 PM com.example.kp.service.LoggingService writeLog
INFO: classname: PaymentController levelINFO date: 2021_02_07_20_33 message: | getUser is called
Feb 07, 2021 8:33:03 PM com.example.kp.service.LoggingService writeLog
INFO: classname: PaymentController levelINFO date: 2021_02_07_20_33 message: | getUser is called
Feb 07, 2021 8:33:03 PM com.example.kp.service.LoggingService writeLog
INFO: classname: PaymentController levelINFO date: 2021_02_07_20_33 message: | getUser is called
Feb 07, 2021 8:33:03 PM com.example.kp.service.LoggingService writeLog
INFO: classname: PaymentController levelINFO date: 2021_02_07_20_33 message: | getUser is called
Feb 07, 2021 8:33:03 PM com.example.kp.service.LoggingService writeLog
INFO: classname: PaymentController levelINFO date: 2021_02_07_20_33 message: | getUser is called
Feb 07, 2021 8:33:03 PM com.example.kp.service.LoggingService writeLog
INFO: classname: PaymentController levelINFO date: 2021_02_07_20_33 message: | getUser is called
Feb 07, 2021 8:33:03 PM com.example.kp.service.LoggingService writeLog
INFO: classname: PaymentController levelINFO date: 2021_02_07_20_33 message: | getUser is called
Feb 07, 2021 8:33:03 PM com.example.kp.service.LoggingService writeLog
INFO: classname: PaymentController levelINFO date: 2021_02_07_20_33 message: | getUser is called
Feb 07, 2021 8:33:04 PM com.example.kp.service.LoggingService writeLog
INFO: classname: PaymentController levelINFO date: 2021_02_07_20_33 message: | BankPay is called
Feb 07, 2021 8:33:04 PM com.example.kp.service.LoggingService writeLog
INFO: classname: PaymentController levelINFO date: 2021_02_07_20_33 message: | BankPay is called
Feb 07, 2021 8:33:04 PM com.example.kp.service.LoggingService writeLog
INFO: classname: PaymentController levelINFO date: 2021_02_07_20_33 message: | BankPay is called
Feb 07, 2021 8:33:04 PM com.example.kp.service.LoggingService writeLog
INFO: classname: PaymentController levelINFO date: 2021_02_07_20_33 message: | BankPay is called
Feb 07, 2021 8:33:04 PM com.example.kp.service.LoggingService writeLog
INFO: classname: PaymentController levelINFO date: 2021_02_07_20_33 message: | BankPay is called
Feb 07, 2021 8:33:04 PM com.example.kp.service.LoggingService writeLog
INFO: classname: PaymentController levelINFO date: 2021_02_07_20_33 message: | BankPay is called
Feb 07, 2021 8:33:04 PM com.example.kp.service.LoggingService writeLog
INFO: classname: PaymentController levelINFO date: 2021_02_07_20_33 message: | BankPay is called
Feb 07, 2021 8:33:04 PM com.example.kp.service.LoggingService writeLog
INFO: classname: PaymentController levelINFO date: 2021_02_07_20_33 message: | BankPay is called
Feb 07, 2021 8:33:04 PM com.example.kp.service.LoggingService writeLog
INFO: classname: PaymentController levelINFO date: 2021_02_07_20_33 message: | BankPay is called
Feb 07, 2021 8:33:04 PM com.example.kp.service.LoggingService writeLog
INFO: classname: PaymentController levelINFO date: 2021_02_07_20_33 message: | BankPay is called
Feb 07, 2021 8:33:04 PM com.example.kp.service.LoggingService writeLog
INFO: classname: PaymentController levelINFO date: 2021_02_07_20_33 message: | BankPay is called
Feb 07, 2021 8:33:04 PM com.example.kp.service.LoggingService writeLog
INFO: classname: PaymentController levelINFO date: 2021_02_07_20_33 message: | BankPay is called
Feb 07, 2021 8:33:04 PM com.example.kp.service.LoggingService writeLog
INFO: classname: PaymentController levelINFO date: 2021_02_07_20_33 message: | BankPay is called
Feb 07, 2021 8:33:04 PM com.example.kp.service.LoggingService writeLog
INFO: classname: PaymentController levelINFO date: 2021_02_07_20_33 message: | BankPay is called
Feb 07, 2021 8:33:04 PM com.example.kp.service.LoggingService writeLog
INFO: classname: PaymentController levelINFO date: 2021_02_07_20_33 message: | BankPay is called
Feb 07, 2021 8:33:04 PM com.example.kp.service.LoggingService writeLog
INFO: classname: PaymentController levelINFO date: 2021_02_07_20_33 message: | BankPay is called
Feb 07, 2021 8:33:04 PM com.example.kp.service.LoggingService writeLog
INFO: classname: PaymentController levelINFO date: 2021_02_07_20_33 message: | BankPay is called
Feb 07, 2021 8:33:04 PM com.example.kp.service.LoggingService writeLog
INFO: classname: PaymentController levelINFO date: 2021_02_07_20_33 message: | Send request to kp
Feb 07, 2021 8:33:04 PM com.example.kp.service.LoggingService writeLog
INFO: classname: PaymentController levelINFO date: 2021_02_07_20_33 message: | Send request to kp
Feb 07, 2021 8:33:04 PM com.example.kp.service.LoggingService writeLog
INFO: classname: PaymentController levelINFO date: 2021_02_07_20_33 message: | Send request to kp
Feb 07, 2021 8:33:04 PM com.example.kp.service.LoggingService writeLog
INFO: classname: PaymentController levelINFO date: 2021_02_07_20_33 message: | Send request to kp
Feb 07, 2021 8:33:04 PM com.example.kp.service.LoggingService writeLog
INFO: classname: PaymentController levelINFO date: 2021_02_07_20_33 message: | Send request to kp
Feb 07, 2021 8:33:04 PM com.example.kp.service.LoggingService writeLog
INFO: classname: PaymentController levelINFO date: 2021_02_07_20_33 message: | Send request to kp
Feb 07, 2021 8:33:04 PM com.example.kp.service.LoggingService writeLog
INFO: classname: PaymentController levelINFO date: 2021_02_07_20_33 message: | Send request to kp
Feb 07, 2021 8:33:04 PM com.example.kp.service.LoggingService writeLog
INFO: classname: PaymentController levelINFO date: 2021_02_07_20_33 message: | Send request to kp
Feb 07, 2021 8:33:04 PM com.example.kp.service.LoggingService writeLog
INFO: classname: PaymentController levelINFO date: 2021_02_07_20_33 message: | Send request to kp
Feb 07, 2021 8:33:04 PM com.example.kp.service.LoggingService writeLog
INFO: classname: PaymentController levelINFO date: 2021_02_07_20_33 message: | Send request to kp
Feb 07, 2021 8:33:04 PM com.example.kp.service.LoggingService writeLog
INFO: classname: PaymentController levelINFO date: 2021_02_07_20_33 message: | Send request to kp
Feb 07, 2021 8:33:04 PM com.example.kp.service.LoggingService writeLog
INFO: classname: PaymentController levelINFO date: 2021_02_07_20_33 message: | Send request to kp
Feb 07, 2021 8:33:04 PM com.example.kp.service.LoggingService writeLog
INFO: classname: PaymentController levelINFO date: 2021_02_07_20_33 message: | Send request to kp
Feb 07, 2021 8:33:04 PM com.example.kp.service.LoggingService writeLog
INFO: classname: PaymentController levelINFO date: 2021_02_07_20_33 message: | Send request to kp
Feb 07, 2021 8:33:04 PM com.example.kp.service.LoggingService writeLog
INFO: classname: PaymentController levelINFO date: 2021_02_07_20_33 message: | Send request to kp
Feb 07, 2021 8:33:04 PM com.example.kp.service.LoggingService writeLog
INFO: classname: PaymentController levelINFO date: 2021_02_07_20_33 message: | Send request to kp
Feb 07, 2021 8:33:04 PM com.example.kp.service.LoggingService writeLog
INFO: classname: PaymentController levelINFO date: 2021_02_07_20_33 message: | Send request to kp
Feb 07, 2021 8:33:04 PM com.example.kp.service.LoggingService writeLog
INFO: classname: PaymentController levelINFO date: 2021_02_07_20_33 message: | Send request to kp
Feb 07, 2021 8:33:23 PM com.example.kp.service.LoggingService writeLog
INFO: classname: PaymentController levelINFO date: 2021_02_07_20_33 message: | getIsserData is called
Feb 07, 2021 8:33:23 PM com.example.kp.service.LoggingService writeLog
INFO: classname: PaymentController levelINFO date: 2021_02_07_20_33 message: | getIsserData is called
Feb 07, 2021 8:33:23 PM com.example.kp.service.LoggingService writeLog
INFO: classname: PaymentController levelINFO date: 2021_02_07_20_33 message: | getIsserData is called
Feb 07, 2021 8:33:23 PM com.example.kp.service.LoggingService writeLog
INFO: classname: PaymentController levelINFO date: 2021_02_07_20_33 message: | getIsserData is called
Feb 07, 2021 8:33:23 PM com.example.kp.service.LoggingService writeLog
INFO: classname: PaymentController levelINFO date: 2021_02_07_20_33 message: | getIsserData is called
Feb 07, 2021 8:33:23 PM com.example.kp.service.LoggingService writeLog
INFO: classname: PaymentController levelINFO date: 2021_02_07_20_33 message: | getIsserData is called
Feb 07, 2021 8:33:23 PM com.example.kp.service.LoggingService writeLog
INFO: classname: PaymentController levelINFO date: 2021_02_07_20_33 message: | getIsserData is called
Feb 07, 2021 8:33:23 PM com.example.kp.service.LoggingService writeLog
INFO: classname: PaymentController levelINFO date: 2021_02_07_20_33 message: | getIsserData is called
Feb 07, 2021 8:33:23 PM com.example.kp.service.LoggingService writeLog
INFO: classname: PaymentController levelINFO date: 2021_02_07_20_33 message: | getIsserData is called
Feb 07, 2021 8:33:23 PM com.example.kp.service.LoggingService writeLog
INFO: classname: PaymentController levelINFO date: 2021_02_07_20_33 message: | getIsserData is called
Feb 07, 2021 8:33:23 PM com.example.kp.service.LoggingService writeLog
INFO: classname: PaymentController levelINFO date: 2021_02_07_20_33 message: | getIsserData is called
Feb 07, 2021 8:33:23 PM com.example.kp.service.LoggingService writeLog
INFO: classname: PaymentController levelINFO date: 2021_02_07_20_33 message: | getIsserData is called
Feb 07, 2021 8:33:23 PM com.example.kp.service.LoggingService writeLog
INFO: classname: PaymentController levelINFO date: 2021_02_07_20_33 message: | getIsserData is called
Feb 07, 2021 8:33:23 PM com.example.kp.service.LoggingService writeLog
INFO: classname: PaymentController levelINFO date: 2021_02_07_20_33 message: | getIsserData is called
Feb 07, 2021 8:33:23 PM com.example.kp.service.LoggingService writeLog
INFO: classname: PaymentController levelINFO date: 2021_02_07_20_33 message: | getIsserData is called
Feb 07, 2021 8:33:23 PM com.example.kp.service.LoggingService writeLog
INFO: classname: PaymentController levelINFO date: 2021_02_07_20_33 message: | getIsserData is called
Feb 07, 2021 8:33:23 PM com.example.kp.service.LoggingService writeLog
INFO: classname: PaymentController levelINFO date: 2021_02_07_20_33 message: | getIsserData is called
Feb 07, 2021 8:33:23 PM com.example.kp.service.LoggingService writeLog
INFO: classname: PaymentController levelINFO date: 2021_02_07_20_33 message: | getIsserData is called
Feb 07, 2021 8:33:23 PM com.example.kp.service.LoggingService writeLog
INFO: classname: PaymentController levelINFO date: 2021_02_07_20_33 message: | getIsserData is called
